"../../../../Users/TheHa/Documents/GitHub/Hide-And-NPC/Content/Maps/WesterTown/Textures/Generic/T_Sand_BC.uasset" 0
"../../../../Users/TheHa/Documents/GitHub/Hide-And-NPC/Content/Maps/WesterTown/Textures/Generic/T_Sand_N.uasset" 1
"../../../../Users/TheHa/Documents/GitHub/Hide-And-NPC/Content/ThirdPersonBP/Mannequin/Character/Mesh/SK_Mannequin_PhysicsAsset.uasset" 2
"../../../../Users/TheHa/Documents/GitHub/Hide-And-NPC/Content/ThirdPersonBP/Mannequin/Character/Textures/T_UE4Logo_N.uasset" 3
"../../../../Users/TheHa/Documents/GitHub/Hide-And-NPC/Content/ThirdPersonBP/Mannequin/Character/Textures/T_UE4Logo_Mask.uasset" 4
"../../../../Users/TheHa/Documents/GitHub/Hide-And-NPC/Content/ThirdPersonBP/Mannequin/Character/Textures/T_Male_N.uasset" 5
"../../../../Users/TheHa/Documents/GitHub/Hide-And-NPC/Content/ThirdPersonBP/Mannequin/Character/Textures/T_Male_Mask.uasset" 6
"../../../../Users/TheHa/Documents/GitHub/Hide-And-NPC/Content/ThirdPersonBP/Mannequin/Character/Materials/MaterialLayers/T_ML_Rubber_Blue_01_N.uasset" 7
"../../../../Users/TheHa/Documents/GitHub/Hide-And-NPC/Content/ThirdPersonBP/Mannequin/Character/Materials/MaterialLayers/T_ML_Rubber_Blue_01_D.uasset" 8
"../../../../Users/TheHa/Documents/GitHub/Hide-And-NPC/Content/ThirdPersonBP/Mannequin/Character/Materials/MaterialLayers/T_ML_Aluminum01_N.uasset" 9
"../../../../Users/TheHa/Documents/GitHub/Hide-And-NPC/Content/ThirdPersonBP/Mannequin/Character/Materials/MaterialLayers/T_ML_Aluminum01.uasset" 10
"../../../../Users/TheHa/Documents/GitHub/Hide-And-NPC/Content/ThirdPersonBP/Mannequin/Character/Materials/MaterialLayers/ML_SoftMetal_UE4.uasset" 11
"../../../../Users/TheHa/Documents/GitHub/Hide-And-NPC/Content/ThirdPersonBP/Mannequin/Character/Materials/MaterialLayers/ML_Plastic_Shiny_Beige_LOGO.uasset" 12
"../../../../Users/TheHa/Documents/GitHub/Hide-And-NPC/Content/ThirdPersonBP/Mannequin/Character/Materials/MaterialLayers/ML_Plastic_Shiny_Beige.uasset" 13
"../../../../Users/TheHa/Documents/GitHub/Hide-And-NPC/Content/ThirdPersonBP/Mannequin/Character/Materials/MaterialLayers/ML_GlossyBlack_Latex_UE4.uasset" 14
"../../../Engine/Content/Functions/MaterialLayerFunctions/MatLayerBlend_Simple.uasset" 15
"../../../Engine/Content/Functions/Engine_MaterialFunctions02/Utility/BlendAngleCorrectedNormals.uasset" 16
"../../../Engine/Content/Functions/MaterialLayerFunctions/MatLayerBlend_NormalBlend.uasset" 17
"../../../../Users/TheHa/Documents/GitHub/Hide-And-NPC/Content/ThirdPersonBP/Mannequin/Character/Materials/M_Male_Body.uasset" 18
"../../../../Users/TheHa/Documents/GitHub/Hide-And-NPC/Content/ThirdPersonBP/Mannequin/Character/Materials/M_UE4Man_ChestLogo.uasset" 19
"../../../../Users/TheHa/Documents/GitHub/Hide-And-NPC/Content/ThirdPersonBP/Mannequin/Character/Mesh/UE4_Mannequin_Skeleton.uasset" 20
"../../../../Users/TheHa/Documents/GitHub/Hide-And-NPC/Content/ThirdPersonBP/Mannequin/Character/Mesh/SK_Mannequin.uasset" 21
"../../../../Users/TheHa/Documents/GitHub/Hide-And-NPC/Content/Seeker/SeekerQuery.uasset" 22
"../../../../Users/TheHa/Documents/GitHub/Hide-And-NPC/Content/Seeker/TaskClearValue.uasset" 23
"../../../../Users/TheHa/Documents/GitHub/Hide-And-NPC/Content/Seeker/SeekerBB.uasset" 24
"../../../../Users/TheHa/Documents/GitHub/Hide-And-NPC/Content/Seeker/SeekerBT.uasset" 25
"../../../../Users/TheHa/Documents/GitHub/Hide-And-NPC/Content/Seeker/SeekerController.uasset" 26
"../../../Engine/Content/Animation/DefaultAnimCurveCompressionSettings.uasset" 27
"../../../Engine/Content/Animation/DefaultAnimBoneCompressionSettings.uasset" 28
"../../../../Users/TheHa/Documents/GitHub/Hide-And-NPC/Content/ThirdPersonBP/Mannequin/Animations/ThirdPersonWalk.uasset" 29
"../../../../Users/TheHa/Documents/GitHub/Hide-And-NPC/Content/ThirdPersonBP/Mannequin/Animations/ThirdPersonRun.uasset" 30
"../../../../Users/TheHa/Documents/GitHub/Hide-And-NPC/Content/ThirdPersonBP/Mannequin/Animations/ThirdPersonIdle.uasset" 31
"../../../../Users/TheHa/Documents/GitHub/Hide-And-NPC/Content/ThirdPersonBP/Mannequin/Animations/ThirdPerson_IdleRun_2D.uasset" 32
"../../../../Users/TheHa/Documents/GitHub/Hide-And-NPC/Content/ThirdPersonBP/Mannequin/Animations/ThirdPerson_Jump.uasset" 33
"../../../../Users/TheHa/Documents/GitHub/Hide-And-NPC/Content/ThirdPersonBP/Mannequin/Animations/ThirdPersonJump_Start.uasset" 34
"../../../../Users/TheHa/Documents/GitHub/Hide-And-NPC/Content/ThirdPersonBP/Mannequin/Animations/ThirdPersonJump_Loop.uasset" 35
"../../../Engine/Content/EditorBlueprintResources/StandardMacros.uasset" 36
"../../../../Users/TheHa/Documents/GitHub/Hide-And-NPC/Content/ThirdPersonBP/Mannequin/Animations/ThirdPerson_AnimBP.uasset" 37
"../../../../Users/TheHa/Documents/GitHub/Hide-And-NPC/Content/ThirdPersonBP/Blueprints/ThirdPersonCharacter.uasset" 38
"../../../../Users/TheHa/Documents/GitHub/Hide-And-NPC/Content/GameModes/MultiplayerTestGameMode.uasset" 39
"../../../../Users/TheHa/Documents/GitHub/Hide-And-NPC/Content/Geometry/Meshes/CubeMaterial.uasset" 40
"../../../../Users/TheHa/Documents/GitHub/Hide-And-NPC/Content/Geometry/Meshes/1M_Cube.uasset" 41
"../../../../Users/TheHa/Documents/GitHub/Hide-And-NPC/Content/Seeker/ClearValueTask.uasset" 42
"../../../../Users/TheHa/Documents/GitHub/Hide-And-NPC/Content/Seeker/FindHidersTasker.uasset" 43
"../../../../Users/TheHa/Documents/GitHub/Hide-And-NPC/Content/StarterContent/Audio/Collapse01.uasset" 44
"../../../../Users/TheHa/Documents/GitHub/Hide-And-NPC/Content/StarterContent/Audio/Collapse02.uasset" 45
"../../../../Users/TheHa/Documents/GitHub/Hide-And-NPC/Content/StarterContent/Audio/Explosion01.uasset" 46
"../../../../Users/TheHa/Documents/GitHub/Hide-And-NPC/Content/StarterContent/Audio/Explosion02.uasset" 47
"../../../../Users/TheHa/Documents/GitHub/Hide-And-NPC/Content/StarterContent/Audio/Fire01.uasset" 48
"../../../../Users/TheHa/Documents/GitHub/Hide-And-NPC/Content/StarterContent/Audio/Fire_Sparks01.uasset" 49
"../../../../Users/TheHa/Documents/GitHub/Hide-And-NPC/Content/StarterContent/Audio/Light01.uasset" 50
"../../../../Users/TheHa/Documents/GitHub/Hide-And-NPC/Content/StarterContent/Audio/Light02.uasset" 51
"../../../../Users/TheHa/Documents/GitHub/Hide-And-NPC/Content/StarterContent/Audio/Smoke01.uasset" 52
"../../../../Users/TheHa/Documents/GitHub/Hide-And-NPC/Content/StarterContent/Audio/Starter_Birds01.uasset" 53
"../../../../Users/TheHa/Documents/GitHub/Hide-And-NPC/Content/StarterContent/Audio/Starter_Music01.uasset" 54
"../../../../Users/TheHa/Documents/GitHub/Hide-And-NPC/Content/StarterContent/Audio/Starter_Wind05.uasset" 55
"../../../../Users/TheHa/Documents/GitHub/Hide-And-NPC/Content/StarterContent/Audio/Starter_Wind06.uasset" 56
"../../../../Users/TheHa/Documents/GitHub/Hide-And-NPC/Content/StarterContent/Audio/Steam01.uasset" 57
"../../../../Users/TheHa/Documents/GitHub/Hide-And-NPC/Content/StarterContent/Maps/Advanced_Lighting_BuiltData.uasset" 58
"../../../../Users/TheHa/Documents/GitHub/Hide-And-NPC/Content/StarterContent/Maps/Minimal_Default_BuiltData.uasset" 59
"../../../../Users/TheHa/Documents/GitHub/Hide-And-NPC/Content/StarterContent/Maps/StarterMap_BuiltData.uasset" 60
"../../../../Users/TheHa/Documents/GitHub/Hide-And-NPC/Content/ThirdPersonBP/ThirdPersonOverview.uasset" 61
"../../../../Users/TheHa/Documents/GitHub/Hide-And-NPC/Content/ThirdPersonBP/Mannequin/Animations/ThirdPersonJump_End.uasset" 62
"../../../../Users/TheHa/Documents/GitHub/Hide-And-NPC/Content/ThirdPersonBP/Mannequin/Character/Mesh/SK_Mannequin_Female_PhysicsAsset.uasset" 63
"../../../../Users/TheHa/Documents/GitHub/Hide-And-NPC/Content/ThirdPersonBP/Mannequin/Character/Textures/T_Female_N.uasset" 64
"../../../../Users/TheHa/Documents/GitHub/Hide-And-NPC/Content/ThirdPersonBP/Mannequin/Character/Textures/T_Female_Mask.uasset" 65
"../../../../Users/TheHa/Documents/GitHub/Hide-And-NPC/Content/ThirdPersonBP/Mannequin/Character/Materials/MI_Female_Body.uasset" 66
"../../../../Users/TheHa/Documents/GitHub/Hide-And-NPC/Content/ThirdPersonBP/Mannequin/Character/Mesh/SK_Mannequin_Female.uasset" 67
"../../../Engine/Content/EngineMaterials/T_Default_Material_Grid_N.uasset" 68
"../../../Engine/Content/EngineMaterials/T_Default_Material_Grid_M.uasset" 69
"../../../Engine/Content/Functions/Engine_MaterialFunctions01/Opacity/CameraDepthFade.uasset" 70
"../../../Engine/Content/EngineMaterials/WorldGridMaterial.uasset" 71
"../../../Engine/Content/ArtTools/RenderToTexture/Meshes/S_1_Unit_Plane.uasset" 72
"../../../Engine/Content/EngineMaterials/DefaultMaterial.uasset" 73
"../../../Engine/Content/BasicShapes/Cone.uasset" 74
"../../../Engine/Content/BasicShapes/Plane.uasset" 75
"../../../Engine/Content/BasicShapes/Sphere.uasset" 76
"../../../Engine/Content/EditorLandscapeResources/DefaultAlphaTexture.uasset" 77
"../../../Engine/Content/EditorMaterials/MAT_Groups_Toggle.uasset" 78
"../../../Engine/Content/EditorMaterials/MAT_Groups_Visibility.uasset" 79
"../../../Engine/Content/EditorMaterials/PreviewShadowIndicator.uasset" 80
"../../../Engine/Content/EditorMaterials/PreviewShadowIndicatorMaterial.uasset" 81
"../../../Engine/Content/EditorMaterials/MatineeGroups/MAT_ColorTrack.uasset" 82
"../../../Engine/Content/EditorMaterials/MatineeGroups/MAT_Groups_Anim.uasset" 83
"../../../Engine/Content/EditorMaterials/MatineeGroups/MAT_Groups_AudioMaster.uasset" 84
"../../../Engine/Content/EditorMaterials/MatineeGroups/MAT_Groups_Director.uasset" 85
"../../../Engine/Content/EditorMaterials/MatineeGroups/MAT_Groups_Event.uasset" 86
"../../../Engine/Content/EditorMaterials/MatineeGroups/MAT_Groups_Fade.uasset" 87
"../../../Engine/Content/EditorMaterials/MatineeGroups/MAT_Groups_Float.uasset" 88
"../../../Engine/Content/EditorMaterials/MatineeGroups/MAT_Groups_Move.uasset" 89
"../../../Engine/Content/EditorMaterials/MatineeGroups/MAT_Groups_Slomo.uasset" 90
"../../../Engine/Content/EditorMaterials/MatineeGroups/MAT_Groups_Sound.uasset" 91
"../../../Engine/Content/EditorMaterials/MatineeGroups/MAT_Groups_Vector.uasset" 92
"../../../Engine/Content/EditorMaterials/ParticleSystems/PSysThumbnail_NoImage.uasset" 93
"../../../Engine/Content/EditorMaterials/ParticleSystems/PSysThumbnail_OOD.uasset" 94
"../../../Engine/Content/EditorMaterials/Camera/CineMat.uasset" 95
"../../../Engine/Content/EditorMaterials/Camera/MI_CineMat_Rig.uasset" 96
"../../../Engine/Content/EditorMeshes/Camera/SM_CraneRig_Arm.uasset" 97
"../../../Engine/Content/EditorMeshes/Camera/SM_CraneRig_Base.uasset" 98
"../../../Engine/Content/EditorMeshes/Camera/SM_CraneRig_Body.uasset" 99
"../../../Engine/Content/EditorMeshes/Camera/SM_CraneRig_Mount.uasset" 100
"../../../Engine/Content/EditorMeshes/Camera/SM_RailRig_Mount.uasset" 101
"../../../Engine/Content/EditorMeshes/Camera/SM_RailRig_Track.uasset" 102
"../../../Engine/Content/EditorResources/BSPVertex.uasset" 103
"../../../Engine/Content/EditorResources/EmptyActor.uasset" 104
"../../../Engine/Content/EditorResources/S_Actor.uasset" 105
"../../../Engine/Content/EditorResources/S_KHinge.uasset" 106
"../../../Engine/Content/EditorResources/S_Note.uasset" 107
"../../../Engine/Content/EditorResources/S_Solver.uasset" 108
"../../../Engine/Content/EditorResources/S_Terrain.uasset" 109
"../../../Engine/Content/EditorResources/S_Trigger.uasset" 110
"../../../Engine/Content/EditorResources/LightIcons/S_LightError.uasset" 111
"../../../Engine/Content/EditorResources/SequenceRecorder/Countdown.uasset" 112
"../../../Engine/Content/EditorResources/SequenceRecorder/RecordingIndicator.uasset" 113
"../../../Engine/Content/EngineDamageTypes/DmgTypeBP_Environmental.uasset" 114
"../../../Engine/Content/EngineDebugMaterials/DebugEditorMaterial.uasset" 115
"../../../Engine/Content/EngineDebugMaterials/DebugMeshMaterial.uasset" 116
"../../../Engine/Content/EngineDebugMaterials/M_SimpleUnlitTranslucent.uasset" 117
"../../../Engine/Content/EngineDebugMaterials/VolumeToRender.uasset" 118
"../../../Engine/Content/Functions/Engine_MaterialFunctions02/Utility/CameraDirectionVector.uasset" 119
"../../../Engine/Content/EngineDebugMaterials/M_VolumeRenderSphereTracePP.uasset" 120
"../../../Engine/Content/Functions/Engine_MaterialFunctions01/Shading/ConvertFromDiffSpec.uasset" 121
"../../../Engine/Content/EngineDebugMaterials/VertexColorMaterial.uasset" 122
"../../../Engine/Content/EngineDebugMaterials/WireframeMaterial.uasset" 123
"../../../Engine/Content/EngineFonts/Faces/RobotoRegular.uasset" 124
"../../../Engine/Content/EngineFonts/Faces/RobotoLight.uasset" 125
"../../../Engine/Content/EngineFonts/Faces/RobotoItalic.uasset" 126
"../../../Engine/Content/EngineFonts/Faces/RobotoBoldItalic.uasset" 127
"../../../Engine/Content/EngineFonts/Faces/RobotoBold.uasset" 128
"../../../Engine/Content/EngineFonts/Faces/DroidSansFallback.uasset" 129
"../../../Engine/Content/EngineFonts/Roboto.uasset" 130
"../../../Engine/Content/EngineMaterials/BaseFlattenGrayscaleMap.uasset" 131
"../../../Engine/Content/EngineMaterials/BaseFlattenEmissiveMap.uasset" 132
"../../../Engine/Content/EngineMaterials/BaseFlattenDiffuseMap.uasset" 133
"../../../Engine/Content/EngineMaterials/BaseFlattenNormalMap.uasset" 134
"../../../Engine/Content/EngineMaterials/BaseFlattenMaterial.uasset" 135
"../../../Engine/Content/EngineMaterials/BlueNoise.uasset" 136
"../../../Engine/Content/EngineMaterials/DefaultBloomKernel.uasset" 137
"../../../Engine/Content/EngineMaterials/DefaultBokeh.uasset" 138
"../../../Engine/Content/EngineMaterials/DefaultDiffuse.uasset" 139
"../../../Engine/Content/EngineMaterials/DefaultDeferredDecalMaterial.uasset" 140
"../../../Engine/Content/EngineMaterials/DefaultLightFunctionMaterial.uasset" 141
"../../../Engine/Content/Functions/Engine_MaterialFunctions02/Utility/BreakOutFloat2Components.uasset" 142
"../../../Engine/Content/EngineMaterials/DefaultPostProcessMaterial.uasset" 143
"../../../Engine/Content/EngineFonts/RobotoDistanceField.uasset" 144
"../../../Engine/Content/EngineMaterials/DefaultTextMaterialOpaque.uasset" 145
"../../../Engine/Content/EngineMaterials/DefaultWhiteGrid.uasset" 146
"../../../Engine/Content/EngineMaterials/DefaultWhiteGrid_Low.uasset" 147
"../../../Engine/Content/EngineMaterials/EmissiveMeshMaterial.uasset" 148
"../../../Engine/Content/EngineMaterials/GizmoMaterial.uasset" 149
"../../../Engine/Content/EngineMaterials/Good64x64TilingNoiseHighFreq.uasset" 150
"../../../Engine/Content/EngineMaterials/MiniFont.uasset" 151
"../../../Engine/Content/EngineMaterials/InvalidLightmapSettings.uasset" 152
"../../../Engine/Content/EngineMaterials/M_InvalidLightmapSettings.uasset" 153
"../../../Engine/Content/Functions/Engine_MaterialFunctions02/WorldPositionOffset/CameraOffset.uasset" 154
"../../../Engine/Content/EngineMaterials/PhAT_JointLimitMaterial.uasset" 155
"../../../Engine/Content/EngineMaterials/PreintegratedSkinBRDF.uasset" 156
"../../../Engine/Content/EngineMaterials/RemoveSurfaceMaterial.uasset" 157
"../../../Engine/Content/EngineResources/WhiteSquareTexture.uasset" 158
"../../../Engine/Content/EngineMaterials/Widget3DPassThrough.uasset" 159
"../../../Engine/Content/EngineMaterials/Widget3DPassThrough_Masked.uasset" 160
"../../../Engine/Content/EngineMaterials/Widget3DPassThrough_Opaque.uasset" 161
"../../../Engine/Content/EngineMaterials/Widget3DPassThrough_Masked_OneSided.uasset" 162
"../../../Engine/Content/EngineMaterials/Widget3DPassThrough_Opaque_OneSided.uasset" 163
"../../../Engine/Content/EngineMaterials/Widget3DPassThrough_Translucent.uasset" 164
"../../../Engine/Content/EngineMaterials/Widget3DPassThrough_Translucent_OneSided.uasset" 165
"../../../Engine/Content/EngineMeshes/Cylinder.uasset" 166
"../../../Engine/Content/EngineMeshes/Sphere.uasset" 167
"../../../Engine/Content/EngineResources/Black.uasset" 168
"../../../Engine/Content/EngineResources/DefaultTextureCube.uasset" 169
"../../../Engine/Content/EngineResources/DefaultVolumeTexture2D.uasset" 170
"../../../Engine/Content/EngineResources/DefaultVolumeTexture.uasset" 171
"../../../Engine/Content/EngineResources/GradientTexture0.uasset" 172
"../../../Engine/Content/EngineSky/VolumetricClouds/T_NoiseShape64.uasset" 173
"../../../Engine/Content/EngineSky/VolumetricClouds/T_VolumeNoiseShape64.uasset" 174
"../../../Engine/Content/EngineSky/VolumetricClouds/T_NoiseErosion.uasset" 175
"../../../Engine/Content/EngineSky/VolumetricClouds/T_VolumeNoiseErosion32.uasset" 176
"../../../Engine/Content/EngineSky/VolumetricClouds/CloudWeatherTexture.uasset" 177
"../../../Engine/Content/EngineSky/VolumetricClouds/CloudGradientTexture.uasset" 178
"../../../Engine/Content/Functions/Engine_MaterialFunctions02/Utility/MakeFloat2.uasset" 179
"../../../Engine/Content/EngineSky/VolumetricClouds/m_SimpleVolumetricCloud.uasset" 180
"../../../Engine/Content/EngineSky/VolumetricClouds/m_SimpleVolumetricCloud_Inst.uasset" 181
"../../../Engine/Content/EngineSounds/Master.uasset" 182
"../../../Engine/Content/Functions/Engine_MaterialFunctions01/Shading/PowerToRoughness.uasset" 183
"../../../Engine/Content/Maps/Templates/Thumbnails/Default.uasset" 184
"../../../Engine/Content/Maps/Templates/Thumbnails/TimeOfDay.uasset" 185
"../../../Engine/Content/Maps/Templates/Thumbnails/VR-Basic.uasset" 186
"../../../Engine/Content/MobileResources/T_MobileControls_texture.uasset" 187
"../../../Engine/Content/MobileResources/T_MobileMenu2.uasset" 188
"../../../Engine/Content/MobileResources/HUD/AnalogHat.uasset" 189
"../../../Engine/Content/MobileResources/HUD/VirtualJoystick_Thumb.uasset" 190
"../../../Engine/Content/MobileResources/HUD/VirtualJoystick_Background.uasset" 191
"../../../Engine/Content/MobileResources/HUD/DefaultVirtualJoysticks.uasset" 192
"../../../Engine/Content/MobileResources/HUD/LeftVirtualJoystickOnly.uasset" 193
"../../../Engine/Content/MobileResources/HUD/MobileHUDButton1_off.uasset" 194
"../../../Engine/Content/MobileResources/HUD/MobileHUDButton1_on.uasset" 195
"../../../Engine/Content/MobileResources/HUD/MobileHUDButton2_off.uasset" 196
"../../../Engine/Content/MobileResources/HUD/MobileHUDButton2_on.uasset" 197
"../../../Engine/Content/MobileResources/HUD/MobileHUDButton3.uasset" 198
"../../../Engine/Content/MobileResources/HUD/MobileHUDButtonFire.uasset" 199
"../../../Engine/Content/MobileResources/HUD/MobileHUDDirectionPad.uasset" 200
"../../../Engine/Content/MobileResources/HUD/MobileHUDDirectionPad2.uasset" 201
"../../../Engine/Content/MobileResources/HUD/MobileHUDDirectionPad3.uasset" 202
"../../../Engine/Content/MobileResources/HUD/MobileHUDDirectionStick.uasset" 203
"../../../Engine/Content/MobileResources/HUD/T_Castle_ThumbstickInner.uasset" 204
"../../../Engine/Content/MobileResources/HUD/T_Castle_ThumbstickOutter.uasset" 205
"../../../Engine/Content/Tutorial/ContentIntroCurve.uasset" 206
"../../../Engine/Content/Tutorial/Basics/LevelEditorAttract.uasset" 207
"../../../Engine/Content/Tutorial/Basics/TutorialAssets/icon_tab_Levels_40x.uasset" 208
"../../../Engine/Content/Tutorial/Basics/LevelEditorOverview.uasset" 209
"../../../Engine/Content/Tutorial/BlueprintTutorials/TutorialAssets/Blueprint_64x.uasset" 210
"../../../Engine/Content/Tutorial/BlueprintTutorials/BlueprintEditorTutorial.uasset" 211
"../../../Engine/Content/Tutorial/Installation/InstallingVisualStudioTutorial.uasset" 212
"../../../Engine/Content/VREditor/TransformGizmo/TranslucentTransformGizmoMaterial.uasset" 213
"../../../Engine/Content/VREditor/LaserPointer/VR_LaserPower_01.uasset" 214
"../../../Engine/Content/VREditor/TransformGizmo/TransformGizmoMaterial.uasset" 215
"../../../Engine/Content/VREditor/TransformGizmo/BoundingBoxCorner.uasset" 216
"../../../Engine/Content/VREditor/TransformGizmo/BoundingBoxEdge.uasset" 217
"../../../Engine/Content/VREditor/TransformGizmo/PlaneTranslationHandle.uasset" 218
"../../../Engine/Content/VREditor/TransformGizmo/Xray.uasset" 219
"../../../Engine/Content/VREditor/TransformGizmo/Main.uasset" 220
"../../../Engine/Content/VREditor/TransformGizmo/SM_Sequencer_Key.uasset" 221
"../../../Engine/Content/VREditor/TransformGizmo/SM_Sequencer_Node.uasset" 222
"../../Plugins/2D/Paper2D/Content/PlaceholderTextures/DummySpriteTexture.uasset" 223
"../../Plugins/2D/Paper2D/Content/DummySprite.uasset" 224
"../../Plugins/2D/Paper2D/Content/DefaultPaperTerrainMaterial.uasset" 225
"../../Plugins/2D/Paper2D/Content/DefaultSpriteMaterial.uasset" 226
"../../Plugins/2D/Paper2D/Content/MaskedUnlitSpriteMaterial.uasset" 227
"../../Plugins/2D/Paper2D/Content/OpaqueUnlitSpriteMaterial.uasset" 228
"../../../Engine/Content/Functions/Engine_MaterialFunctions02/Utility/BreakOutFloat3Components.uasset" 229
"../../Plugins/Editor/SpeedTreeImporter/Content/SpeedTree9/UnpackInteger3.uasset" 230
"../../Plugins/Editor/SpeedTreeImporter/Content/SpeedTree9/UnpackDirection.uasset" 231
"../../Plugins/Editor/SpeedTreeImporter/Content/SpeedTree9/game_wind_noise.uasset" 232
"../../../Engine/Content/Functions/Engine_MaterialFunctions02/SafeNormalize.uasset" 233
"../../Plugins/Editor/SpeedTreeImporter/Content/SpeedTree9/SpeedTreeWindMotion.uasset" 234
"../../Plugins/Editor/SpeedTreeImporter/Content/SpeedTree9/SpeedTreeBranchMotion.uasset" 235
"../../../Engine/Content/Functions/Engine_MaterialFunctions02/ObjectLocalBounds.uasset" 236
"../../../Engine/Content/Functions/Engine_MaterialFunctions02/UVs/BoundingBoxBased_0-1_UVW.uasset" 237
"../../Plugins/Editor/SpeedTreeImporter/Content/SpeedTree9/SpeedTreeWind.uasset" 238
"../../Plugins/Editor/SpeedTreeImporter/Content/SpeedTree9/SpeedTreeBillboard.uasset" 239
"../../../Engine/Content/EngineResources/DefaultTexture.uasset" 240
"../../Plugins/Editor/SpeedTreeImporter/Content/SpeedTree9/SpeedTreeBillboardMaster.uasset" 241
"../../Plugins/Editor/SpeedTreeImporter/Content/SpeedTree9/SpeedTreeCameraFacing.uasset" 242
"../../Plugins/Editor/SpeedTreeImporter/Content/SpeedTree9/SpeedTreeMaster.uasset" 243
"../../../Engine/Content/ArtTools/RenderToTexture/Materials/Debug/M_Emissive_Color.uasset" 244
"../../../Engine/Content/BasicShapes/Cylinder.uasset" 245
"../../Plugins/Lumin/MagicLeapPassableWorld/Content/MagicLeapARPinInfoActor.uasset" 246
"../../../Engine/Content/Functions/Engine_MaterialFunctions02/Utility/BreakOutFloat4Components.uasset" 247
"../../../Engine/Content/Functions/Engine_MaterialFunctions02/Utility/MakeFloat3.uasset" 248
"../../Plugins/Runtime/Oculus/OculusVR/Content/Materials/OculusMR_ChromaKey.uasset" 249
"../../Plugins/Runtime/Oculus/OculusVR/Content/Materials/OculusMR_OpaqueColoredMaterial.uasset" 250
"../../Plugins/Runtime/Oculus/OculusVR/Content/Materials/PokeAHoleMaterial.uasset" 251
"../../../../Users/TheHa/Documents/GitHub/Hide-And-NPC/Content/Blueprints/MultiplayerTest.uasset" 252
"../../../../Users/TheHa/Documents/GitHub/Hide-And-NPC/Content/GameModes/UI/HostJoinLobby.uasset" 253
"../../../../Users/TheHa/Documents/GitHub/Hide-And-NPC/Content/Maps/MainMenu_BuiltData.uasset" 254
"../../../../Users/TheHa/Documents/GitHub/Hide-And-NPC/Content/Maps/MainMenu.umap" 255
"../../../../Users/TheHa/Documents/GitHub/Hide-And-NPC/Content/ThirdPerson/Meshes/RampMaterial.uasset" 256
"../../../../Users/TheHa/Documents/GitHub/Hide-And-NPC/Content/ThirdPerson/Meshes/RightArm_StaticMesh.uasset" 257
"../../../../Users/TheHa/Documents/GitHub/Hide-And-NPC/Content/ThirdPerson/Meshes/Ramp_StaticMesh.uasset" 258
"../../../../Users/TheHa/Documents/GitHub/Hide-And-NPC/Content/ThirdPerson/Meshes/Linear_Stair_StaticMesh.uasset" 259
"../../../../Users/TheHa/Documents/GitHub/Hide-And-NPC/Content/ThirdPerson/Meshes/LeftArm_StaticMesh.uasset" 260
"../../../../Users/TheHa/Documents/GitHub/Hide-And-NPC/Content/ThirdPerson/Meshes/Bump_StaticMesh.uasset" 261
"../../../../Users/TheHa/Documents/GitHub/Hide-And-NPC/Content/Geometry/Meshes/TemplateFloor.uasset" 262
"../../../../Users/TheHa/Documents/GitHub/Hide-And-NPC/Content/Geometry/Meshes/1M_Cube_Chamfer.uasset" 263
"../../../Engine/Content/EngineSky/T_Sky_Stars.uasset" 264
"../../../Engine/Content/EngineSky/T_Sky_Clouds_M.uasset" 265
"../../../Engine/Content/EngineSky/T_Sky_Blue.uasset" 266
"../../../Engine/Content/BasicShapes/Cube.uasset" 267
"../../../Engine/Content/EngineSky/M_Sky_Panning_Clouds2.uasset" 268
"../../../Engine/Content/BasicShapes/BasicShapeMaterial.uasset" 269
"../../../../Users/TheHa/Documents/GitHub/Hide-And-NPC/Content/Maps/ThirdPersonExampleMap_BuiltData.uasset" 270
"../../../../Users/TheHa/Documents/GitHub/Hide-And-NPC/Content/GameModes/BaseGameMode.uasset" 271
"../../../../Users/TheHa/Documents/GitHub/Hide-And-NPC/Content/ThirdPersonBP/Blueprints/MultiplayerCamera.uasset" 272
"../../../Engine/Content/EngineSky/SM_SkySphere.uasset" 273
"../../../Engine/Content/EngineSky/C_Sky_Zenith_Color.uasset" 274
"../../../Engine/Content/EngineSky/C_Sky_Horizon_Color.uasset" 275
"../../../Engine/Content/EngineSky/C_Sky_Cloud_Color.uasset" 276
"../../../Engine/Content/EngineSky/BP_Sky_Sphere.uasset" 277
"../../../../Users/TheHa/Documents/GitHub/Hide-And-NPC/Content/Maps/ThirdPersonExampleMap.umap" 278
"../../../../Users/TheHa/Documents/GitHub/Hide-And-NPC/Content/Maps/WesterTown/Textures/Structure/Tiling/T_RoofShingles_N.uasset" 279
"../../../../Users/TheHa/Documents/GitHub/Hide-And-NPC/Content/Maps/WesterTown/Textures/Structure/Tiling/T_RoofShingles_M.uasset" 280
"../../../../Users/TheHa/Documents/GitHub/Hide-And-NPC/Content/Maps/WesterTown/Textures/Structure/Tiling/T_RoofShingles_BC.uasset" 281
"../../../../Users/TheHa/Documents/GitHub/Hide-And-NPC/Content/Maps/WesterTown/Textures/Structure/Tiling/T_OrnamentCeiling_N.uasset" 282
"../../../../Users/TheHa/Documents/GitHub/Hide-And-NPC/Content/Maps/WesterTown/Textures/Structure/Tiling/T_OrnamentCeiling_M.uasset" 283
"../../../../Users/TheHa/Documents/GitHub/Hide-And-NPC/Content/Maps/WesterTown/Textures/Structure/Tiling/T_OrnamentCeiling_BC.uasset" 284
"../../../../Users/TheHa/Documents/GitHub/Hide-And-NPC/Content/Maps/WesterTown/Textures/Structure/Tiling/T_LogTimSheet_N.uasset" 285
"../../../../Users/TheHa/Documents/GitHub/Hide-And-NPC/Content/Maps/WesterTown/Textures/Structure/Tiling/T_LogTimSheet_M.uasset" 286
"../../../../Users/TheHa/Documents/GitHub/Hide-And-NPC/Content/Maps/WesterTown/Textures/Structure/Tiling/T_LogTimSheet_BC.uasset" 287
"../../../../Users/TheHa/Documents/GitHub/Hide-And-NPC/Content/Maps/WesterTown/Textures/Structure/Tiling/T_LightWood_N.uasset" 288
"../../../../Users/TheHa/Documents/GitHub/Hide-And-NPC/Content/Maps/WesterTown/Textures/Structure/Tiling/T_LightWood_M.uasset" 289
"../../../../Users/TheHa/Documents/GitHub/Hide-And-NPC/Content/Maps/WesterTown/Textures/Structure/Tiling/T_LightWood_BC.uasset" 290
"../../../../Users/TheHa/Documents/GitHub/Hide-And-NPC/Content/Maps/WesterTown/Textures/Structure/Tiling/T_Int_WoodenPanelTrim_N.uasset" 291
"../../../../Users/TheHa/Documents/GitHub/Hide-And-NPC/Content/Maps/WesterTown/Textures/Structure/Tiling/T_Int_WoodenPanelTrim_M.uasset" 292
"../../../../Users/TheHa/Documents/GitHub/Hide-And-NPC/Content/Maps/WesterTown/Textures/Structure/Tiling/T_Int_WoodenPanelTrim_BC.uasset" 293
"../../../../Users/TheHa/Documents/GitHub/Hide-And-NPC/Content/Maps/WesterTown/Textures/Structure/Tiling/T_Int_Wall1_N.uasset" 294
"../../../../Users/TheHa/Documents/GitHub/Hide-And-NPC/Content/Maps/WesterTown/Textures/Structure/Tiling/T_Int_Wall1_M.uasset" 295
"../../../../Users/TheHa/Documents/GitHub/Hide-And-NPC/Content/Maps/WesterTown/Textures/Structure/Tiling/T_Int_Wall1_BC.uasset" 296
"../../../../Users/TheHa/Documents/GitHub/Hide-And-NPC/Content/Maps/WesterTown/Textures/Structure/Tiling/T_FloorPlanks_N.uasset" 297
"../../../../Users/TheHa/Documents/GitHub/Hide-And-NPC/Content/Maps/WesterTown/Textures/Structure/Tiling/T_FloorPlanks_M.uasset" 298
"../../../../Users/TheHa/Documents/GitHub/Hide-And-NPC/Content/Maps/WesterTown/Textures/Structure/Tiling/T_FloorPlanks_BC.uasset" 299
"../../../../Users/TheHa/Documents/GitHub/Hide-And-NPC/Content/Maps/WesterTown/Textures/Structure/Interior/T_Curtains1_N.uasset" 300
"../../../../Users/TheHa/Documents/GitHub/Hide-And-NPC/Content/Maps/WesterTown/Textures/Structure/Interior/T_Curtains1_BC.uasset" 301
"../../../../Users/TheHa/Documents/GitHub/Hide-And-NPC/Content/Maps/WesterTown/Textures/Nature/Terrain/T_Wetness_N.uasset" 302
"../../../../Users/TheHa/Documents/GitHub/Hide-And-NPC/Content/Maps/WesterTown/Textures/Nature/Terrain/T_Wetness_M.uasset" 303
"../../../../Users/TheHa/Documents/GitHub/Hide-And-NPC/Content/Maps/WesterTown/Textures/Nature/Terrain/T_Wetness_BC.uasset" 304
"../../../../Users/TheHa/Documents/GitHub/Hide-And-NPC/Content/Maps/WesterTown/Textures/Nature/Terrain/T_Tiling_Ground_N.uasset" 305
"../../../../Users/TheHa/Documents/GitHub/Hide-And-NPC/Content/Maps/WesterTown/Textures/Nature/Terrain/T_SandGrass_N.uasset" 306
"../../../../Users/TheHa/Documents/GitHub/Hide-And-NPC/Content/Maps/WesterTown/Textures/Nature/Terrain/T_SandGrass_M.uasset" 307
"../../../../Users/TheHa/Documents/GitHub/Hide-And-NPC/Content/Maps/WesterTown/Textures/Nature/Terrain/T_SandGrass_BC.uasset" 308
"../../../../Users/TheHa/Documents/GitHub/Hide-And-NPC/Content/Maps/WesterTown/Textures/Nature/Terrain/T_Sand_N.uasset" 309
"../../../../Users/TheHa/Documents/GitHub/Hide-And-NPC/Content/Maps/WesterTown/Textures/Nature/Terrain/T_Sand_M.uasset" 310
"../../../../Users/TheHa/Documents/GitHub/Hide-And-NPC/Content/Maps/WesterTown/Textures/Nature/Terrain/T_Sand_BC.uasset" 311
"../../../../Users/TheHa/Documents/GitHub/Hide-And-NPC/Content/Maps/WesterTown/Textures/Nature/Terrain/T_Rock_N.uasset" 312
"../../../../Users/TheHa/Documents/GitHub/Hide-And-NPC/Content/Maps/WesterTown/Textures/Nature/Terrain/T_Rock_BC.uasset" 313
"../../../../Users/TheHa/Documents/GitHub/Hide-And-NPC/Content/Maps/WesterTown/Textures/Nature/T_IBL_Out.uasset" 314
"../../../../Users/TheHa/Documents/GitHub/Hide-And-NPC/Content/Maps/WesterTown/Textures/Generic/T_Generic_Smoke_M.uasset" 315
"../../../../Users/TheHa/Documents/GitHub/Hide-And-NPC/Content/Maps/WesterTown/Textures/Generic/T_Dripping_Dirt_M.uasset" 316
"../../../../Users/TheHa/Documents/GitHub/Hide-And-NPC/Content/Maps/WesterTown/Textures/Generic/T_Cloud_M.uasset" 317
"../../../../Users/TheHa/Documents/GitHub/Hide-And-NPC/Content/Maps/WesterTown/Textures/Effects/T_SandWind_N.uasset" 318
"../../../../Users/TheHa/Documents/GitHub/Hide-And-NPC/Content/Maps/WesterTown/Textures/Effects/T_RainDrops_N.uasset" 319
"../../../Engine/Content/Functions/Engine_MaterialFunctions01/Texturing/TextureCropping.uasset" 320
"../../../Engine/Content/Functions/Engine_MaterialFunctions01/Texturing/ComputeMipLevel.uasset" 321
"../../../Engine/Content/Functions/Engine_MaterialFunctions02/ExampleContent/Textures/DebugNumberPeriod.uasset" 322
"../../../Engine/Content/Functions/Engine_MaterialFunctions02/ExampleContent/DebugNumberStrip.uasset" 323
"../../../Engine/Content/Functions/Engine_MaterialFunctions02/Utility/DebugScalarValues.uasset" 324
"../../../Engine/Content/Functions/Engine_MaterialFunctions02/Utility/DebugFloat2Values.uasset" 325
"../../../Engine/Content/Functions/Engine_MaterialFunctions02/ExampleContent/Textures/flipbook.uasset" 326
"../../../Engine/Content/Functions/Engine_MaterialFunctions02/Texturing/FlipBook.uasset" 327
"../../../Engine/Content/Functions/Engine_MaterialFunctions01/Texturing/FlattenNormal.uasset" 328
"../../../../Users/TheHa/Documents/GitHub/Hide-And-NPC/Content/Maps/WesterTown/Materials/Functions/MF_CheaperNormalBlend.uasset" 329
"../../../../Users/TheHa/Documents/GitHub/Hide-And-NPC/Content/Maps/WesterTown/Materials/Functions/RainParameters.uasset" 330
"../../../../Users/TheHa/Documents/GitHub/Hide-And-NPC/Content/Maps/WesterTown/Materials/Functions/MF_Rain.uasset" 331
"../../../Engine/Content/Functions/Engine_MaterialFunctions01/Gradient/LinearGradient.uasset" 332
"../../../Engine/Content/Functions/Engine_MaterialFunctions01/ImageAdjustment/CheapContrast.uasset" 333
"../../../Engine/Content/Functions/Engine_MaterialFunctions01/Texturing/WorldAlignedTexture.uasset" 334
"../../../../Users/TheHa/Documents/GitHub/Hide-And-NPC/Content/Maps/WesterTown/Materials/Structure/Exterior/M_Building_Fence_Wood.uasset" 335
"../../../../Users/TheHa/Documents/GitHub/Hide-And-NPC/Content/Maps/WesterTown/Models/Structure/Outside/SM_Building_Fence_Wooden.uasset" 336
"../../../../Users/TheHa/Documents/GitHub/Hide-And-NPC/Content/Maps/WesterTown/Textures/Props/T_Mining_Cart_N.uasset" 337
"../../../../Users/TheHa/Documents/GitHub/Hide-And-NPC/Content/Maps/WesterTown/Textures/Props/T_Mining_Cart_M.uasset" 338
"../../../../Users/TheHa/Documents/GitHub/Hide-And-NPC/Content/Maps/WesterTown/Textures/Props/T_Mining_Cart_BC.uasset" 339
"../../../../Users/TheHa/Documents/GitHub/Hide-And-NPC/Content/Maps/WesterTown/Textures/Props/T_Lantern_N.uasset" 340
"../../../../Users/TheHa/Documents/GitHub/Hide-And-NPC/Content/Maps/WesterTown/Textures/Props/T_Lantern_M.uasset" 341
"../../../../Users/TheHa/Documents/GitHub/Hide-And-NPC/Content/Maps/WesterTown/Textures/Props/T_Lantern_BC.uasset" 342
"../../../Engine/Content/Functions/Engine_MaterialFunctions01/AlphaBlend/WorldAlignedBlend.uasset" 343
"../../../../Users/TheHa/Documents/GitHub/Hide-And-NPC/Content/Maps/WesterTown/Materials/Functions/MF_Enviromental_Sand.uasset" 344
"../../../../Users/TheHa/Documents/GitHub/Hide-And-NPC/Content/Maps/WesterTown/Materials/MasterMaterials/M_SimpleProp.uasset" 345
"../../../../Users/TheHa/Documents/GitHub/Hide-And-NPC/Content/Maps/WesterTown/Materials/Props/MI_MiningCart.uasset" 346
"../../../../Users/TheHa/Documents/GitHub/Hide-And-NPC/Content/Maps/WesterTown/Models/Props/SM_Mining_Cart.uasset" 347
"../../../../Users/TheHa/Documents/GitHub/Hide-And-NPC/Content/Maps/WesterTown/Textures/Props/T_Hay_Bale_N.uasset" 348
"../../../../Users/TheHa/Documents/GitHub/Hide-And-NPC/Content/Maps/WesterTown/Textures/Props/T_Hay_Bale_M.uasset" 349
"../../../../Users/TheHa/Documents/GitHub/Hide-And-NPC/Content/Maps/WesterTown/Textures/Props/T_Hay_Bale_BC.uasset" 350
"../../../../Users/TheHa/Documents/GitHub/Hide-And-NPC/Content/Maps/WesterTown/Materials/Props/MI_HayBale.uasset" 351
"../../../../Users/TheHa/Documents/GitHub/Hide-And-NPC/Content/Maps/WesterTown/Models/Props/SM_Hay_Bale.uasset" 352
"../../../../Users/TheHa/Documents/GitHub/Hide-And-NPC/Content/Maps/WesterTown/Textures/Props/T_BarrelTall_N.uasset" 353
"../../../../Users/TheHa/Documents/GitHub/Hide-And-NPC/Content/Maps/WesterTown/Textures/Props/T_BarrelTall_M.uasset" 354
"../../../../Users/TheHa/Documents/GitHub/Hide-And-NPC/Content/Maps/WesterTown/Textures/Props/T_BarrelTall2_BC.uasset" 355
"../../../../Users/TheHa/Documents/GitHub/Hide-And-NPC/Content/Maps/WesterTown/Materials/Props/MI_BarrelTall2.uasset" 356
"../../../../Users/TheHa/Documents/GitHub/Hide-And-NPC/Content/Maps/WesterTown/Models/Props/SM_Barrel_Tall_Open.uasset" 357
"../../../../Users/TheHa/Documents/GitHub/Hide-And-NPC/Content/Maps/WesterTown/Textures/Nature/Rocks/T_Tiling_Rock_2_N.uasset" 358
"../../../../Users/TheHa/Documents/GitHub/Hide-And-NPC/Content/Maps/WesterTown/Textures/Nature/Rocks/T_Tiling_Rock_2_M.uasset" 359
"../../../../Users/TheHa/Documents/GitHub/Hide-And-NPC/Content/Maps/WesterTown/Textures/Nature/Rocks/T_Tiling_Rock_2_BC.uasset" 360
"../../../../Users/TheHa/Documents/GitHub/Hide-And-NPC/Content/Maps/WesterTown/Textures/Nature/Rocks/T_Tiling_Rock_1_N.uasset" 361
"../../../../Users/TheHa/Documents/GitHub/Hide-And-NPC/Content/Maps/WesterTown/Textures/Nature/Rocks/T_Tiling_Rock_1_M.uasset" 362
"../../../../Users/TheHa/Documents/GitHub/Hide-And-NPC/Content/Maps/WesterTown/Textures/Nature/Rocks/T_Tiling_Rock_1_BC.uasset" 363
"../../../../Users/TheHa/Documents/GitHub/Hide-And-NPC/Content/Maps/WesterTown/Textures/Nature/Rocks/T_Tiling_Detail_Rock_N.uasset" 364
"../../../Engine/Content/Functions/Engine_MaterialFunctions02/Utility/VectorLength.uasset" 365
"../../../Engine/Content/Functions/Engine_MaterialFunctions02/WorldPositionOffset/ObjectScale.uasset" 366
"../../../Engine/Content/Functions/Engine_MaterialFunctions02/Texturing/HeightLerp.uasset" 367
"../../../Engine/Content/Functions/MaterialLayerFunctions/MatLayerBlend_Standard.uasset" 368
"../../../../Users/TheHa/Documents/GitHub/Hide-And-NPC/Content/Maps/WesterTown/Materials/MasterMaterials/M_Rock.uasset" 369
"../../../../Users/TheHa/Documents/GitHub/Hide-And-NPC/Content/Maps/WesterTown/Materials/Nature/Rocks/MI_Medium_Rock.uasset" 370
"../../../../Users/TheHa/Documents/GitHub/Hide-And-NPC/Content/Maps/WesterTown/Models/Nature/Rocks/SM_Medium_Rock_9.uasset" 371
"../../../../Users/TheHa/Documents/GitHub/Hide-And-NPC/Content/Maps/WesterTown/Materials/CustomSky/T_Sky_Stars_BC.uasset" 372
"../../../../Users/TheHa/Documents/GitHub/Hide-And-NPC/Content/Maps/WesterTown/Materials/CustomSky/T_Sky_Clouds_M.uasset" 373
"../../../../Users/TheHa/Documents/GitHub/Hide-And-NPC/Content/Maps/WesterTown/Materials/CustomSky/T_Sky_Blue_BC.uasset" 374
"../../../Engine/Content/EngineVolumetrics/Fogsheet/Materials/T_EV_BlankWhite_01.uasset" 375
"../../../Engine/Content/EngineMaterials/WeightMapPlaceholderTexture.uasset" 376
"../../../Engine/Content/EngineMaterials/DefaultPhysicalMaterial.uasset" 377
"../../../Engine/Content/EngineMaterials/DefaultNormal_Uncompressed.uasset" 378
"../../../Engine/Content/EngineMaterials/BlendFunc_DefBlend.uasset" 379
"../../../Engine/Content/EngineMaterials/BlendFunc_DefBase.uasset" 380
"../../../Engine/Content/Functions/Engine_MaterialFunctions02/Math/Transform3x3Matrix.uasset" 381
"../../../Engine/Content/Functions/Engine_MaterialFunctions02/Math/CreateThirdOrthogonalVector.uasset" 382
"../../../Engine/Content/Functions/Engine_MaterialFunctions02/WorldAlignedNormals_HighQuality.uasset" 383
"../../../../Users/TheHa/Documents/GitHub/Hide-And-NPC/Content/Maps/WesterTown/Materials/Functions/MF_Landscape_Wetness.uasset" 384
"../../../../Users/TheHa/Documents/GitHub/Hide-And-NPC/Content/Maps/WesterTown/Materials/Functions/MF_Landscape_Sand.uasset" 385
"../../../Engine/Content/Functions/Engine_MaterialFunctions01/Texturing/WorldAlignedNormal.uasset" 386
"../../../../Users/TheHa/Documents/GitHub/Hide-And-NPC/Content/Maps/WesterTown/Materials/Functions/MF_Landscape_Rock.uasset" 387
"../../../../Users/TheHa/Documents/GitHub/Hide-And-NPC/Content/Maps/WesterTown/Materials/Functions/MF_Landscape_Grass.uasset" 388
"../../../../Users/TheHa/Documents/GitHub/Hide-And-NPC/Content/Maps/WesterTown/Materials/Nature/Landscape/WetnessGrass.uasset" 389
"../../../../Users/TheHa/Documents/GitHub/Hide-And-NPC/Content/Maps/WesterTown/Textures/Nature/Rocks/T_Debris_Rocks_N.uasset" 390
"../../../../Users/TheHa/Documents/GitHub/Hide-And-NPC/Content/Maps/WesterTown/Textures/Nature/Rocks/T_Debris_Rocks_M.uasset" 391
"../../../../Users/TheHa/Documents/GitHub/Hide-And-NPC/Content/Maps/WesterTown/Textures/Nature/Rocks/T_Debris_Rocks_BC.uasset" 392
"../../../../Users/TheHa/Documents/GitHub/Hide-And-NPC/Content/Maps/WesterTown/Materials/Nature/Rocks/MI_Debris_Rocks.uasset" 393
"../../../../Users/TheHa/Documents/GitHub/Hide-And-NPC/Content/Maps/WesterTown/Models/Nature/Rocks/SM_Debris_Rocks_3.uasset" 394
"../../../../Users/TheHa/Documents/GitHub/Hide-And-NPC/Content/Maps/WesterTown/Materials/Nature/Landscape/SandGrass.uasset" 395
"../../../../Users/TheHa/Documents/GitHub/Hide-And-NPC/Content/Maps/WesterTown/Materials/Nature/Landscape/RockGrass.uasset" 396
"../../../../Users/TheHa/Documents/GitHub/Hide-And-NPC/Content/Maps/WesterTown/Textures/Nature/Foliage/T_Fol_Opuntia_N.uasset" 397
"../../../../Users/TheHa/Documents/GitHub/Hide-And-NPC/Content/Maps/WesterTown/Textures/Nature/Foliage/T_Fol_Opuntia_M.uasset" 398
"../../../../Users/TheHa/Documents/GitHub/Hide-And-NPC/Content/Maps/WesterTown/Textures/Nature/Foliage/T_Fol_Opuntia_BC.uasset" 399
"../../../Engine/Content/Functions/Engine_MaterialFunctions03/Blends/Blend_Overlay.uasset" 400
"../../../../Users/TheHa/Documents/GitHub/Hide-And-NPC/Content/Maps/WesterTown/Materials/Nature/Foliage/M_Opuntia.uasset" 401
"../../../../Users/TheHa/Documents/GitHub/Hide-And-NPC/Content/Maps/WesterTown/Models/Nature/Foliage/SM_Fol_Opuntia_2.uasset" 402
"../../../../Users/TheHa/Documents/GitHub/Hide-And-NPC/Content/Maps/WesterTown/Models/Nature/Foliage/SM_Fol_Opuntia_1.uasset" 403
"../../../../Users/TheHa/Documents/GitHub/Hide-And-NPC/Content/Maps/WesterTown/Textures/Nature/Foliage/T_Fol_Grass_N.uasset" 404
"../../../../Users/TheHa/Documents/GitHub/Hide-And-NPC/Content/Maps/WesterTown/Textures/Nature/Foliage/T_Fol_Grass_M.uasset" 405
"../../../../Users/TheHa/Documents/GitHub/Hide-And-NPC/Content/Maps/WesterTown/Textures/Nature/Foliage/T_Fol_Grass_BC.uasset" 406
"../../../Engine/Content/Functions/Engine_MaterialFunctions01/WorldPositionOffset/SimpleGrassWind.uasset" 407
"../../../../Users/TheHa/Documents/GitHub/Hide-And-NPC/Content/Maps/WesterTown/Materials/MasterMaterials/M_Foliage.uasset" 408
"../../../../Users/TheHa/Documents/GitHub/Hide-And-NPC/Content/Maps/WesterTown/Materials/Nature/Foliage/MI_Grass.uasset" 409
"../../../../Users/TheHa/Documents/GitHub/Hide-And-NPC/Content/Maps/WesterTown/Models/Nature/Foliage/SM_Fol_Grass_Set1.uasset" 410
"../../../../Users/TheHa/Documents/GitHub/Hide-And-NPC/Content/Maps/WesterTown/Models/Nature/Foliage/SM_Fol_Grass_Hay_Set3.uasset" 411
"../../../../Users/TheHa/Documents/GitHub/Hide-And-NPC/Content/Maps/WesterTown/Models/Nature/Foliage/SM_Fol_Grass_Hay_Set2.uasset" 412
"../../../../Users/TheHa/Documents/GitHub/Hide-And-NPC/Content/Maps/WesterTown/Models/Nature/Foliage/SM_Fol_Grass_Hay_Set1.uasset" 413
"../../../../Users/TheHa/Documents/GitHub/Hide-And-NPC/Content/Maps/WesterTown/Textures/Nature/Foliage/T_Fol_Bush_N.uasset" 414
"../../../../Users/TheHa/Documents/GitHub/Hide-And-NPC/Content/Maps/WesterTown/Textures/Nature/Foliage/T_Fol_Bush_M.uasset" 415
"../../../../Users/TheHa/Documents/GitHub/Hide-And-NPC/Content/Maps/WesterTown/Textures/Nature/Foliage/T_Fol_Bush_BC.uasset" 416
"../../../../Users/TheHa/Documents/GitHub/Hide-And-NPC/Content/Maps/WesterTown/Materials/Nature/Foliage/MI_Bush.uasset" 417
"../../../../Users/TheHa/Documents/GitHub/Hide-And-NPC/Content/Maps/WesterTown/Models/Nature/Foliage/SM_Fol_Bush_2.uasset" 418
"../../../../Users/TheHa/Documents/GitHub/Hide-And-NPC/Content/Maps/WesterTown/Models/Nature/Foliage/SM_Fol_Bush_1.uasset" 419
"../../../../Users/TheHa/Documents/GitHub/Hide-And-NPC/Content/Maps/WesterTown/Textures/Nature/Foliage/T_Fol_Cactus_N.uasset" 420
"../../../../Users/TheHa/Documents/GitHub/Hide-And-NPC/Content/Maps/WesterTown/Textures/Nature/Foliage/T_Fol_Cactus_M.uasset" 421
"../../../../Users/TheHa/Documents/GitHub/Hide-And-NPC/Content/Maps/WesterTown/Textures/Nature/Foliage/T_Fol_Cactus_BC.uasset" 422
"../../../Engine/Content/Functions/Engine_MaterialFunctions02/Math/InverseTransformMatrix.uasset" 423
"../../../Engine/Content/Functions/Engine_MaterialFunctions02/Math/TransformToZVector.uasset" 424
"../../../Engine/Content/Functions/Engine_MaterialFunctions01/Texturing/ParallaxOcclusionMapping.uasset" 425
"../../../../Users/TheHa/Documents/GitHub/Hide-And-NPC/Content/Maps/WesterTown/Materials/Nature/Foliage/M_Trunk.uasset" 426
"../../../../Users/TheHa/Documents/GitHub/Hide-And-NPC/Content/Maps/WesterTown/Materials/Nature/Foliage/MI_Cactus.uasset" 427
"../../../../Users/TheHa/Documents/GitHub/Hide-And-NPC/Content/Maps/WesterTown/Models/Nature/Foliage/SM_Fol_Barrel_Cactus_2.uasset" 428
"../../../../Users/TheHa/Documents/GitHub/Hide-And-NPC/Content/Maps/WesterTown/Models/Nature/Foliage/SM_Fol_Barrel_Cactus_1.uasset" 429
"../../../../Users/TheHa/Documents/GitHub/Hide-And-NPC/Content/Maps/WesterTown/Materials/Nature/Landscape/GrassGrass.uasset" 430
"../../../../Users/TheHa/Documents/GitHub/Hide-And-NPC/Content/Maps/WesterTown/Materials/MasterMaterials/M_Landscape.uasset" 431
"../../../../Users/TheHa/Documents/GitHub/Hide-And-NPC/Content/Maps/WesterTown/Materials/Nature/Landscape/MI_Landscape.uasset" 432
"../../../../Users/TheHa/Documents/GitHub/Hide-And-NPC/Content/Maps/WesterTown/Materials/MasterMaterials/M_Clouds.uasset" 433
"../../../../Users/TheHa/Documents/GitHub/Hide-And-NPC/Content/Maps/WesterTown/Textures/Effects/T_Water_N.uasset" 434
"../../../../Users/TheHa/Documents/GitHub/Hide-And-NPC/Content/Maps/WesterTown/Materials/Functions/PP_HeatShimmer.uasset" 435
"../../../../Users/TheHa/Documents/GitHub/Hide-And-NPC/Content/Maps/WesterTown/Maps/NewWesternMap_BuiltData.uasset" 436
"../../../../Users/TheHa/Documents/GitHub/Hide-And-NPC/Content/Maps/WesterTown/Materials/Nature/Landscape/Wetness_LayerInfo.uasset" 437
"../../../../Users/TheHa/Documents/GitHub/Hide-And-NPC/Content/Maps/WesterTown/Materials/Nature/Landscape/Sand_LayerInfo.uasset" 438
"../../../../Users/TheHa/Documents/GitHub/Hide-And-NPC/Content/Maps/WesterTown/Materials/Nature/Landscape/Rock_LayerInfo.uasset" 439
"../../../../Users/TheHa/Documents/GitHub/Hide-And-NPC/Content/Maps/WesterTown/Materials/Nature/Landscape/Grass_LayerInfo.uasset" 440
"../../../Engine/Content/EditorLandscapeResources/DataLayer.uasset" 441
"../../../../Users/TheHa/Documents/GitHub/Hide-And-NPC/Content/Maps/WesterTown/Materials/CustomSky/M_Sky_Panning_Clouds2.uasset" 442
"../../../../Users/TheHa/Documents/GitHub/Hide-And-NPC/Content/Maps/WesterTown/Materials/CustomSky/MI_Sky_Panning_Clouds2.uasset" 443
"../../../Engine/Content/Functions/Engine_MaterialFunctions02/Fresnel_Function.uasset" 444
"../../../../Users/TheHa/Documents/GitHub/Hide-And-NPC/Content/Maps/WesterTown/Materials/MasterMaterials/M_Glass.uasset" 445
"../../../../Users/TheHa/Documents/GitHub/Hide-And-NPC/Content/Seeker/Seeker.uasset" 446
"../../../../Users/TheHa/Documents/GitHub/Hide-And-NPC/Content/Maps/WesterTown/Materials/CustomSky/SM_SkySphere.uasset" 447
"../../../../Users/TheHa/Documents/GitHub/Hide-And-NPC/Content/Maps/WesterTown/Materials/CustomSky/BP_Sky.uasset" 448
"../../../Engine/Content/Functions/MaterialLayerFunctions/MatLayerBlend_BakedNormal.uasset" 449
"../../../Engine/Content/Functions/MaterialLayerFunctions/MatLayerBlend_TenLayerBlend.uasset" 450
"../../../../Users/TheHa/Documents/GitHub/Hide-And-NPC/Content/Maps/WesterTown/Materials/Structure/Interior/M_Interior_Wall.uasset" 451
"../../../../Users/TheHa/Documents/GitHub/Hide-And-NPC/Content/Maps/WesterTown/Materials/Structure/Interior/MI_Interior_Wall1.uasset" 452
"../../../../Users/TheHa/Documents/GitHub/Hide-And-NPC/Content/Maps/WesterTown/Materials/Structure/Interior/M_Curtains.uasset" 453
"../../../../Users/TheHa/Documents/GitHub/Hide-And-NPC/Content/Maps/WesterTown/Materials/Structure/Interior/MI_Curtains1.uasset" 454
"../../../../Users/TheHa/Documents/GitHub/Hide-And-NPC/Content/Maps/WesterTown/Materials/Structure/Exterior/M_Building_Exterior_Wall.uasset" 455
"../../../../Users/TheHa/Documents/GitHub/Hide-And-NPC/Content/Maps/WesterTown/Materials/Structure/Exterior/MI_Building_Exterior_Wall1.uasset" 456
"../../../../Users/TheHa/Documents/GitHub/Hide-And-NPC/Content/Maps/WesterTown/Materials/Structure/Exterior/M_Building_Terrace.uasset" 457
"../../../../Users/TheHa/Documents/GitHub/Hide-And-NPC/Content/Maps/WesterTown/Materials/Structure/Interior/M_Building_Floor.uasset" 458
"../../../../Users/TheHa/Documents/GitHub/Hide-And-NPC/Content/Maps/WesterTown/Materials/Structure/Interior/MI_Building_Floor2.uasset" 459
"../../../../Users/TheHa/Documents/GitHub/Hide-And-NPC/Content/Maps/WesterTown/Textures/Effects/T_WallLantern_IES.uasset" 460
"../../../../Users/TheHa/Documents/GitHub/Hide-And-NPC/Content/Maps/WesterTown/Textures/Generic/T_GenericDamage_M.uasset" 461
"../../../../Users/TheHa/Documents/GitHub/Hide-And-NPC/Content/Maps/WesterTown/Materials/Props/MI_ClearGlass.uasset" 462
"../../../../Users/TheHa/Documents/GitHub/Hide-And-NPC/Content/Maps/WesterTown/Textures/Props/T_WallLantern_N.uasset" 463
"../../../../Users/TheHa/Documents/GitHub/Hide-And-NPC/Content/Maps/WesterTown/Textures/Props/T_WallLantern_M.uasset" 464
"../../../../Users/TheHa/Documents/GitHub/Hide-And-NPC/Content/Maps/WesterTown/Textures/Props/T_WallLantern_BC.uasset" 465
"../../../../Users/TheHa/Documents/GitHub/Hide-And-NPC/Content/Maps/WesterTown/Materials/Props/MI_WallLantern.uasset" 466
"../../../../Users/TheHa/Documents/GitHub/Hide-And-NPC/Content/Maps/WesterTown/Models/Structure/Interior/Furniture/SM_Wall_Lantern.uasset" 467
"../../../../Users/TheHa/Documents/GitHub/Hide-And-NPC/Content/Maps/WesterTown/Textures/Effects/T_Effects_Fire_Tiled_BC.uasset" 468
"../../../../Users/TheHa/Documents/GitHub/Hide-And-NPC/Content/Maps/WesterTown/Textures/Effects/T_Effects_Fire_SubUV.uasset" 469
"../../../../Users/TheHa/Documents/GitHub/Hide-And-NPC/Content/Maps/WesterTown/Materials/Effects/M_Effects_Fire.uasset" 470
"../../../../Users/TheHa/Documents/GitHub/Hide-And-NPC/Content/Maps/WesterTown/Effects/PS_LanternFire.uasset" 471
"../../../../Users/TheHa/Documents/GitHub/Hide-And-NPC/Content/Maps/WesterTown/Blueprints/Props/BP_WallLantern.uasset" 472
"../../../../Users/TheHa/Documents/GitHub/Hide-And-NPC/Content/Maps/WesterTown/Textures/Nature/T_IBL_Inside.uasset" 473
"../../../../Users/TheHa/Documents/GitHub/Hide-And-NPC/Content/Maps/WesterTown/Textures/Effects/T_Interior_LUT.uasset" 474
"../../../../Users/TheHa/Documents/GitHub/Hide-And-NPC/Content/Maps/WesterTown/Materials/Structure/Interior/MI_Building_Floor1.uasset" 475
"../../../../Users/TheHa/Documents/GitHub/Hide-And-NPC/Content/Maps/WesterTown/Materials/Effects/M_VolumetricFog.uasset" 476
"../../../../Users/TheHa/Documents/GitHub/Hide-And-NPC/Content/Maps/WesterTown/Textures/Effects/T_Raindrop_N.uasset" 477
"../../../../Users/TheHa/Documents/GitHub/Hide-And-NPC/Content/Maps/WesterTown/Textures/Effects/T_RainDrop_BC.uasset" 478
"../../../../Users/TheHa/Documents/GitHub/Hide-And-NPC/Content/Maps/WesterTown/Materials/Effects/M_Rain.uasset" 479
"../../../../Users/TheHa/Documents/GitHub/Hide-And-NPC/Content/Maps/WesterTown/Effects/PS_Rain.uasset" 480
"../../../../Users/TheHa/Documents/GitHub/Hide-And-NPC/Content/Maps/WesterTown/Textures/Generic/T_Smudge_M.uasset" 481
"../../../../Users/TheHa/Documents/GitHub/Hide-And-NPC/Content/Maps/WesterTown/Textures/Generic/T_GenericDust_M.uasset" 482
"../../../../Users/TheHa/Documents/GitHub/Hide-And-NPC/Content/Maps/WesterTown/Materials/Effects/M_MovingDust.uasset" 483
"../../../../Users/TheHa/Documents/GitHub/Hide-And-NPC/Content/Maps/WesterTown/Effects/PS_MovingDust.uasset" 484
"../../../../Users/TheHa/Documents/GitHub/Hide-And-NPC/Content/Maps/WesterTown/Blueprints/Controllers/BP_EnvironmentController.uasset" 485
"../../../../Users/TheHa/Documents/GitHub/Hide-And-NPC/Content/Maps/WesterTown/Blueprints/Buildings/BP_Parent_Building.uasset" 486
"../../../../Users/TheHa/Documents/GitHub/Hide-And-NPC/Content/Maps/WesterTown/Sound/Waves/SFX_CellDoor_Opening1.uasset" 487
"../../../../Users/TheHa/Documents/GitHub/Hide-And-NPC/Content/Maps/WesterTown/Sound/Cues/SFX_CellDoor_Opening_Cue.uasset" 488
"../../../../Users/TheHa/Documents/GitHub/Hide-And-NPC/Content/Maps/WesterTown/Textures/Structure/Tiling/T_OldMetal_N.uasset" 489
"../../../../Users/TheHa/Documents/GitHub/Hide-And-NPC/Content/Maps/WesterTown/Textures/Structure/Tiling/T_OldMetal_M.uasset" 490
"../../../../Users/TheHa/Documents/GitHub/Hide-And-NPC/Content/Maps/WesterTown/Textures/Structure/Tiling/T_OldMetal_BC.uasset" 491
"../../../../Users/TheHa/Documents/GitHub/Hide-And-NPC/Content/Maps/WesterTown/Materials/Structure/Interior/MI_MetalBars.uasset" 492
"../../../../Users/TheHa/Documents/GitHub/Hide-And-NPC/Content/Maps/WesterTown/Models/Structure/Interior/Walls/SM_Cell_Bars_Door.uasset" 493
"../../../../Users/TheHa/Documents/GitHub/Hide-And-NPC/Content/Maps/WesterTown/Blueprints/Buildings/BP_Cell_Door1.uasset" 494
"../../../../Users/TheHa/Documents/GitHub/Hide-And-NPC/Content/Maps/WesterTown/Models/Structure/Interior/Walls/SM_Cell_W_Bars_2X_1.uasset" 495
"../../../../Users/TheHa/Documents/GitHub/Hide-And-NPC/Content/Maps/WesterTown/Models/Structure/Interior/Walls/SM_Building_Int_Wall_D_2X.uasset" 496
"../../../../Users/TheHa/Documents/GitHub/Hide-And-NPC/Content/Maps/WesterTown/Models/Structure/Interior/Walls/SM_Building_Int_Wall_2X.uasset" 497
"../../../../Users/TheHa/Documents/GitHub/Hide-And-NPC/Content/Maps/WesterTown/Models/Structure/Interior/Walls/SM_Building_Int_Wall_1X.uasset" 498
"../../../../Users/TheHa/Documents/GitHub/Hide-And-NPC/Content/Maps/WesterTown/Models/Structure/Interior/Walls/SM_Building_Int_C_1X.uasset" 499
"../../../../Users/TheHa/Documents/GitHub/Hide-And-NPC/Content/Maps/WesterTown/Textures/Props/T_Stove_N.uasset" 500
"../../../../Users/TheHa/Documents/GitHub/Hide-And-NPC/Content/Maps/WesterTown/Textures/Props/T_Stove_M.uasset" 501
"../../../../Users/TheHa/Documents/GitHub/Hide-And-NPC/Content/Maps/WesterTown/Textures/Props/T_Stove_BC.uasset" 502
"../../../../Users/TheHa/Documents/GitHub/Hide-And-NPC/Content/Maps/WesterTown/Materials/Props/MI_Stove.uasset" 503
"../../../../Users/TheHa/Documents/GitHub/Hide-And-NPC/Content/Maps/WesterTown/Models/Structure/Interior/Furniture/SM_Stove.uasset" 504
"../../../../Users/TheHa/Documents/GitHub/Hide-And-NPC/Content/Maps/WesterTown/Textures/Structure/Interior/T_Carpet1_N.uasset" 505
"../../../../Users/TheHa/Documents/GitHub/Hide-And-NPC/Content/Maps/WesterTown/Textures/Structure/Interior/T_Carpet1_BC.uasset" 506
"../../../../Users/TheHa/Documents/GitHub/Hide-And-NPC/Content/Maps/WesterTown/Textures/Generic/T_Sack_N.uasset" 507
"../../../../Users/TheHa/Documents/GitHub/Hide-And-NPC/Content/Maps/WesterTown/Materials/Structure/Interior/M_Carpet.uasset" 508
"../../../../Users/TheHa/Documents/GitHub/Hide-And-NPC/Content/Maps/WesterTown/Models/Structure/Interior/Furniture/SM_Carpet1_6X4.uasset" 509
"../../../../Users/TheHa/Documents/GitHub/Hide-And-NPC/Content/Maps/WesterTown/Textures/Structure/Tiling/T_BorderTrimSheet_N.uasset" 510
"../../../../Users/TheHa/Documents/GitHub/Hide-And-NPC/Content/Maps/WesterTown/Textures/Structure/Tiling/T_BorderTrimSheet_M.uasset" 511
"../../../../Users/TheHa/Documents/GitHub/Hide-And-NPC/Content/Maps/WesterTown/Textures/Structure/Tiling/T_BorderTrimSheet_BC.uasset" 512
"../../../../Users/TheHa/Documents/GitHub/Hide-And-NPC/Content/Maps/WesterTown/Materials/Structure/Interior/M_Furniture.uasset" 513
"../../../../Users/TheHa/Documents/GitHub/Hide-And-NPC/Content/Maps/WesterTown/Models/Structure/Interior/Furniture/SM_Building_Int_Writing_Desk.uasset" 514
"../../../../Users/TheHa/Documents/GitHub/Hide-And-NPC/Content/Maps/WesterTown/Textures/Props/T_SaloonTable_N.uasset" 515
"../../../../Users/TheHa/Documents/GitHub/Hide-And-NPC/Content/Maps/WesterTown/Textures/Props/T_SaloonTable_M.uasset" 516
"../../../../Users/TheHa/Documents/GitHub/Hide-And-NPC/Content/Maps/WesterTown/Textures/Props/T_SaloonTable_BC.uasset" 517
"../../../../Users/TheHa/Documents/GitHub/Hide-And-NPC/Content/Maps/WesterTown/Materials/Props/MI_SaloonTable.uasset" 518
"../../../../Users/TheHa/Documents/GitHub/Hide-And-NPC/Content/Maps/WesterTown/Models/Structure/Interior/Furniture/SM_Building_Int_Saloon_Table.uasset" 519
"../../../../Users/TheHa/Documents/GitHub/Hide-And-NPC/Content/Maps/WesterTown/Textures/Props/T_ReqularChair_N.uasset" 520
"../../../../Users/TheHa/Documents/GitHub/Hide-And-NPC/Content/Maps/WesterTown/Textures/Props/T_ReqularChair_M.uasset" 521
"../../../../Users/TheHa/Documents/GitHub/Hide-And-NPC/Content/Maps/WesterTown/Textures/Props/T_ReqularChair_BC.uasset" 522
"../../../../Users/TheHa/Documents/GitHub/Hide-And-NPC/Content/Maps/WesterTown/Materials/Props/MI_ReqularChair.uasset" 523
"../../../../Users/TheHa/Documents/GitHub/Hide-And-NPC/Content/Maps/WesterTown/Models/Structure/Interior/Furniture/SM_Building_Int_Reqular_Chair.uasset" 524
"../../../../Users/TheHa/Documents/GitHub/Hide-And-NPC/Content/Maps/WesterTown/Textures/Props/T_WritingDeskChair_N.uasset" 525
"../../../../Users/TheHa/Documents/GitHub/Hide-And-NPC/Content/Maps/WesterTown/Textures/Props/T_WritingDeskChair_M.uasset" 526
"../../../../Users/TheHa/Documents/GitHub/Hide-And-NPC/Content/Maps/WesterTown/Textures/Props/T_WritingDeskChair_BC.uasset" 527
"../../../../Users/TheHa/Documents/GitHub/Hide-And-NPC/Content/Maps/WesterTown/Materials/Props/MI_WritingTableChair.uasset" 528
"../../../../Users/TheHa/Documents/GitHub/Hide-And-NPC/Content/Maps/WesterTown/Models/Structure/Interior/Furniture/SM_Building_Int_Desk_Chair.uasset" 529
"../../../../Users/TheHa/Documents/GitHub/Hide-And-NPC/Content/Maps/WesterTown/Models/Structure/Interior/Furniture/SM_Building_Int_Bar_Table.uasset" 530
"../../../../Users/TheHa/Documents/GitHub/Hide-And-NPC/Content/Maps/WesterTown/Models/Structure/Interior/Floors/SM_Building_Floor_8X8.uasset" 531
"../../../../Users/TheHa/Documents/GitHub/Hide-And-NPC/Content/Maps/WesterTown/Models/Structure/Interior/Floors/SM_Building_Floor_2X8.uasset" 532
"../../../../Users/TheHa/Documents/GitHub/Hide-And-NPC/Content/Maps/WesterTown/Models/Structure/Interior/Floors/SM_Building_Floor_2X2.uasset" 533
"../../../../Users/TheHa/Documents/GitHub/Hide-And-NPC/Content/Maps/WesterTown/Models/Structure/Exterior/Walls/SM_Building_Wall_W5_2X_Curtains.uasset" 534
"../../../../Users/TheHa/Documents/GitHub/Hide-And-NPC/Content/Maps/WesterTown/Textures/Structure/Exterior/T_Building_Window_M.uasset" 535
"../../../../Users/TheHa/Documents/GitHub/Hide-And-NPC/Content/Maps/WesterTown/Materials/Structure/Exterior/MI_BuildingGlass.uasset" 536
"../../../../Users/TheHa/Documents/GitHub/Hide-And-NPC/Content/Maps/WesterTown/Models/Structure/Exterior/Walls/SM_Building_A_Wall_W5_2X.uasset" 537
"../../../../Users/TheHa/Documents/GitHub/Hide-And-NPC/Content/Maps/WesterTown/Models/Structure/Exterior/Walls/SM_Building_A_Wall_Roof_Middle_2X.uasset" 538
"../../../../Users/TheHa/Documents/GitHub/Hide-And-NPC/Content/Maps/WesterTown/Models/Structure/Exterior/Walls/SM_Building_A_Wall_Roof_Flat_2X1.uasset" 539
"../../../../Users/TheHa/Documents/GitHub/Hide-And-NPC/Content/Maps/WesterTown/Models/Structure/Exterior/Walls/SM_Building_A_Wall_Roof_C.uasset" 540
"../../../../Users/TheHa/Documents/GitHub/Hide-And-NPC/Content/Maps/WesterTown/Models/Structure/Exterior/Walls/SM_Building_A_Wall_Roof1_Middle_2X.uasset" 541
"../../../../Users/TheHa/Documents/GitHub/Hide-And-NPC/Content/Maps/WesterTown/Models/Structure/Exterior/Walls/SM_Building_A_Wall_Roof1_C_R.uasset" 542
"../../../../Users/TheHa/Documents/GitHub/Hide-And-NPC/Content/Maps/WesterTown/Models/Structure/Exterior/Walls/SM_Building_A_Wall_Roof1_C_L.uasset" 543
"../../../../Users/TheHa/Documents/GitHub/Hide-And-NPC/Content/Maps/WesterTown/Models/Structure/Exterior/Walls/SM_Building_A_Wall_D_2X.uasset" 544
"../../../../Users/TheHa/Documents/GitHub/Hide-And-NPC/Content/Maps/WesterTown/Models/Structure/Exterior/Walls/SM_Building_A_Wall_Corner_In_1X.uasset" 545
"../../../../Users/TheHa/Documents/GitHub/Hide-And-NPC/Content/Maps/WesterTown/Models/Structure/Exterior/Walls/SM_Building_A_Wall_2X.uasset" 546
"../../../../Users/TheHa/Documents/GitHub/Hide-And-NPC/Content/Maps/WesterTown/Models/Structure/Exterior/Terrace/SM_Building_Terrace_Stairs2_1X1.uasset" 547
"../../../../Users/TheHa/Documents/GitHub/Hide-And-NPC/Content/Maps/WesterTown/Models/Structure/Exterior/Terrace/SM_Building_Footer_Middle_4X.uasset" 548
"../../../../Users/TheHa/Documents/GitHub/Hide-And-NPC/Content/Maps/WesterTown/Models/Structure/Exterior/Terrace/SM_Building_Footer_Middle_2X.uasset" 549
"../../../../Users/TheHa/Documents/GitHub/Hide-And-NPC/Content/Maps/WesterTown/Models/Structure/Exterior/Terrace/SM_Building_Footer_C_2X2.uasset" 550
"../../../../Users/TheHa/Documents/GitHub/Hide-And-NPC/Content/Maps/WesterTown/Models/Structure/Exterior/Terrace/SM_Building_A_Terrace_Middle_4X.uasset" 551
"../../../../Users/TheHa/Documents/GitHub/Hide-And-NPC/Content/Maps/WesterTown/Models/Structure/Exterior/Terrace/SM_Building_A_Terrace_End_R_1X1.uasset" 552
"../../../../Users/TheHa/Documents/GitHub/Hide-And-NPC/Content/Maps/WesterTown/Models/Structure/Exterior/Terrace/SM_Building_A_Terrace_End_L_1X2.uasset" 553
"../../../../Users/TheHa/Documents/GitHub/Hide-And-NPC/Content/Maps/WesterTown/Textures/Props/T_Safe_N.uasset" 554
"../../../../Users/TheHa/Documents/GitHub/Hide-And-NPC/Content/Maps/WesterTown/Textures/Props/T_Safe_M.uasset" 555
"../../../../Users/TheHa/Documents/GitHub/Hide-And-NPC/Content/Maps/WesterTown/Textures/Props/T_Safe_BC.uasset" 556
"../../../../Users/TheHa/Documents/GitHub/Hide-And-NPC/Content/Maps/WesterTown/Materials/Props/MI_Safe.uasset" 557
"../../../../Users/TheHa/Documents/GitHub/Hide-And-NPC/Content/Maps/WesterTown/Models/Props/SM_Safe.uasset" 558
"../../../../Users/TheHa/Documents/GitHub/Hide-And-NPC/Content/Maps/WesterTown/Textures/Props/T_CashRegister_N.uasset" 559
"../../../../Users/TheHa/Documents/GitHub/Hide-And-NPC/Content/Maps/WesterTown/Textures/Props/T_CashRegister_M.uasset" 560
"../../../../Users/TheHa/Documents/GitHub/Hide-And-NPC/Content/Maps/WesterTown/Textures/Props/T_CashRegister_BC.uasset" 561
"../../../../Users/TheHa/Documents/GitHub/Hide-And-NPC/Content/Maps/WesterTown/Materials/Props/MI_CashRegister.uasset" 562
"../../../../Users/TheHa/Documents/GitHub/Hide-And-NPC/Content/Maps/WesterTown/Models/Props/SM_Cash_Register.uasset" 563
"../../../../Users/TheHa/Documents/GitHub/Hide-And-NPC/Content/Maps/WesterTown/Textures/Structure/Decals/T_BankSign_BC.uasset" 564
"../../../../Users/TheHa/Documents/GitHub/Hide-And-NPC/Content/Maps/WesterTown/Textures/Structure/Decals/T_TownSign_BC.uasset" 565
"../../../../Users/TheHa/Documents/GitHub/Hide-And-NPC/Content/Maps/WesterTown/Materials/MasterMaterials/M_Decal.uasset" 566
"../../../../Users/TheHa/Documents/GitHub/Hide-And-NPC/Content/Maps/WesterTown/Materials/Structure/Signs/MI_Bank_Decal.uasset" 567
"../../../../Users/TheHa/Documents/GitHub/Hide-And-NPC/Content/Maps/WesterTown/Models/Structure/Exterior/Walls/SM_Building_A_Wall_Roof_Middle_1X.uasset" 568
"../../../../Users/TheHa/Documents/GitHub/Hide-And-NPC/Content/Maps/WesterTown/Sound/Waves/SFX_Outdoor_Opening1.uasset" 569
"../../../../Users/TheHa/Documents/GitHub/Hide-And-NPC/Content/Maps/WesterTown/Sound/Cues/SFX_Outdoor_Opening_Cue.uasset" 570
"../../../../Users/TheHa/Documents/GitHub/Hide-And-NPC/Content/Maps/WesterTown/Textures/Structure/Exterior/T_Builing_Door_BC.uasset" 571
"../../../../Users/TheHa/Documents/GitHub/Hide-And-NPC/Content/Maps/WesterTown/Textures/Structure/Exterior/T_Building_Door_N.uasset" 572
"../../../../Users/TheHa/Documents/GitHub/Hide-And-NPC/Content/Maps/WesterTown/Textures/Structure/Exterior/T_Building_Door_M.uasset" 573
"../../../../Users/TheHa/Documents/GitHub/Hide-And-NPC/Content/Maps/WesterTown/Materials/Structure/Exterior/MI_Building_Door.uasset" 574
"../../../../Users/TheHa/Documents/GitHub/Hide-And-NPC/Content/Maps/WesterTown/Models/Structure/Exterior/SM_Building_Door1.uasset" 575
"../../../../Users/TheHa/Documents/GitHub/Hide-And-NPC/Content/Maps/WesterTown/Blueprints/Buildings/BP_Building_Door1.uasset" 576
"../../../../Users/TheHa/Documents/GitHub/Hide-And-NPC/Content/Maps/WesterTown/Blueprints/Buildings/BP_B_Bank.uasset" 577
"../../../../Users/TheHa/Documents/GitHub/Hide-And-NPC/Content/Maps/WesterTown/Maps/NewWesternMap.umap" 578
"../../../Engine/Content/Maps/Entry_BuiltData.uasset" 579
"../../../Engine/Content/Maps/Entry.umap" 580
